2025-06-03 09:03:50,645 - INFO - ============================================================
2025-06-03 09:03:50,656 - INFO -    Generating comprehensive Kerr coefficient table...
2025-06-03 09:03:50,710 - INFO - ============================================================
2025-06-03 09:18:09,776 - INFO - üöÄ Starting Unified LQG Framework Pipeline
2025-06-03 09:18:09,777 - INFO - ============================================================
2025-06-03 09:18:09,777 - INFO - [INFO] Running prescription comparison analysis...
2025-06-03 09:18:09,777 - ERROR - ‚ùå Prescription comparison failed: name 'PrescriptionComparisonFramework' is not defined
2025-06-03 09:18:09,779 - INFO - üåÄ Running Kerr black hole analysis...
2025-06-03 09:18:09,779 - INFO -    Generating comprehensive Kerr coefficient table...
2025-06-03 09:18:09,780 - ERROR - ‚ùå Kerr analysis failed: name 'generate_comprehensive_kerr_coefficient_table' is not defined
2025-06-03 09:18:09,780 - INFO - üìà Running Œº¬π‚Å∞/Œº¬π¬≤ extension analysis...
2025-06-03 09:18:09,780 - ERROR - ‚ùå Œº¬π‚Å∞/Œº¬π¬≤ extension failed: name 'Mu10Mu12ExtendedAnalyzer' is not defined
2025-06-03 09:18:09,780 - INFO - üîó Running constraint algebra analysis...
2025-06-03 09:18:09,780 - ERROR - ‚ùå Constraint algebra analysis failed: name 'AdvancedConstraintAlgebra' is not defined
2025-06-03 09:18:09,780 - INFO - üåå Generating phenomenological predictions...
2025-06-03 09:18:09,781 - INFO - ‚úÖ Phenomenological predictions generated
2025-06-03 09:18:09,781 - INFO - üß™ Running validation suite...
2025-06-03 09:18:09,781 - ERROR - ‚ùå Validation suite failed: name 'ComprehensiveLQGValidator' is not defined
2025-06-03 09:18:09,783 - INFO - ‚úÖ Results saved to unified_results\unified_lqg_results.json
2025-06-03 09:18:09,785 - ERROR - ‚ùå Failed to save results: 'charmap' codec can't encode character '\u274c' in position 28: character maps to <undefined>
2025-06-03 09:18:09,785 - INFO - ============================================================
2025-06-03 09:18:09,786 - WARNING - ‚ö†Ô∏è Pipeline completed with some failures
2025-06-03 09:18:09,786 - INFO - ‚è±Ô∏è Total execution time: 0.01 seconds
2025-06-03 09:18:09,786 - INFO - ‚úÖ Modules executed: 0
2025-06-03 09:18:09,786 - INFO - ‚ùå Modules failed: 5
2025-06-03 09:35:01,564 - INFO - üöÄ Starting Unified LQG Framework Pipeline
2025-06-03 09:35:01,564 - INFO - ============================================================
2025-06-03 09:35:01,564 - INFO - [INFO] Running prescription comparison analysis...
2025-06-03 09:35:01,565 - INFO -    Analyzing standard prescription...
2025-06-03 09:35:01,565 - ERROR -    ‚ùå standard failed: 'PrescriptionComparisonFramework' object has no attribute 'analyze_prescription'
2025-06-03 09:35:01,565 - INFO -    Analyzing thiemann prescription...
2025-06-03 09:35:01,566 - ERROR -    ‚ùå thiemann failed: 'PrescriptionComparisonFramework' object has no attribute 'analyze_prescription'
2025-06-03 09:35:01,566 - INFO -    Analyzing aqel prescription...
2025-06-03 09:35:01,566 - ERROR -    ‚ùå aqel failed: 'PrescriptionComparisonFramework' object has no attribute 'analyze_prescription'
2025-06-03 09:35:01,566 - INFO -    Analyzing bojowald prescription...
2025-06-03 09:35:01,567 - ERROR -    ‚ùå bojowald failed: 'PrescriptionComparisonFramework' object has no attribute 'analyze_prescription'
2025-06-03 09:35:01,567 - INFO -    Analyzing improved prescription...
2025-06-03 09:35:01,567 - ERROR -    ‚ùå improved failed: 'PrescriptionComparisonFramework' object has no attribute 'analyze_prescription'
2025-06-03 09:35:01,568 - ERROR - ‚ùå Prescription comparison failed: 'PrescriptionComparisonFramework' object has no attribute 'generate_comparison_plots'
2025-06-03 09:35:01,568 - INFO - üåÄ Running Kerr black hole analysis...
2025-06-03 09:35:01,568 - INFO -    Generating comprehensive Kerr coefficient table...
2025-06-03 09:35:04,511 - ERROR - ‚ùå Kerr analysis failed: name 'results' is not defined
2025-06-03 09:35:04,511 - INFO - üìà Running Œº¬π‚Å∞/Œº¬π¬≤ extension analysis...
2025-06-03 09:35:04,512 - ERROR - ‚ùå Œº¬π‚Å∞/Œº¬π¬≤ extension failed: name 'Mu10Mu12ExtendedAnalyzer' is not defined
2025-06-03 09:35:04,512 - INFO - üîó Running constraint algebra analysis...
2025-06-03 09:35:04,513 - ERROR - ‚ùå Constraint algebra analysis failed: name 'AdvancedConstraintAlgebra' is not defined
2025-06-03 09:35:04,513 - INFO - üåå Generating phenomenological predictions...
2025-06-03 09:35:04,513 - INFO - ‚úÖ Phenomenological predictions generated
2025-06-03 09:35:04,513 - INFO - üß™ Running validation suite...
2025-06-03 09:35:04,514 - ERROR - ‚ùå Validation suite failed: name 'ComprehensiveLQGValidator' is not defined
2025-06-03 09:35:04,518 - INFO - ‚úÖ Results saved to unified_results\unified_lqg_results.json
2025-06-03 09:35:04,519 - ERROR - ‚ùå Failed to save results: 'charmap' codec can't encode character '\u274c' in position 28: character maps to <undefined>
2025-06-03 09:35:04,520 - INFO - ============================================================
2025-06-03 09:35:04,520 - WARNING - ‚ö†Ô∏è Pipeline completed with some failures
2025-06-03 09:35:04,520 - INFO - ‚è±Ô∏è Total execution time: 2.95 seconds
2025-06-03 09:35:04,521 - INFO - ‚úÖ Modules executed: 0
2025-06-03 09:35:04,521 - INFO - ‚ùå Modules failed: 5
2025-06-03 09:41:10,839 - INFO - üöÄ Starting Unified LQG Framework Pipeline
2025-06-03 09:41:10,840 - INFO - ============================================================
2025-06-03 09:41:10,840 - INFO - [INFO] Running prescription comparison analysis...
2025-06-03 09:41:10,840 - INFO -    Analyzing standard prescription...
2025-06-03 09:41:10,840 - INFO -    ‚úÖ standard: Œ±=N/A
2025-06-03 09:41:10,841 - INFO -    Analyzing thiemann prescription...
2025-06-03 09:41:10,841 - INFO -    ‚úÖ thiemann: Œ±=N/A
2025-06-03 09:41:10,841 - INFO -    Analyzing aqel prescription...
2025-06-03 09:41:10,841 - INFO -    ‚úÖ aqel: Œ±=N/A
2025-06-03 09:41:10,842 - INFO -    Analyzing bojowald prescription...
2025-06-03 09:41:10,842 - INFO -    ‚úÖ bojowald: Œ±=N/A
2025-06-03 09:41:10,842 - INFO -    Analyzing improved prescription...
2025-06-03 09:41:10,842 - INFO -    ‚úÖ improved: Œ±=N/A
2025-06-03 09:41:10,842 - ERROR - ‚ùå Prescription comparison failed: 'PrescriptionComparisonFramework' object has no attribute 'export_csv'
2025-06-03 09:41:10,843 - INFO - üåÄ Running Kerr black hole analysis...
2025-06-03 09:41:10,843 - INFO -    Generating comprehensive Kerr coefficient table...
2025-06-03 09:41:12,587 - ERROR - ‚ùå Kerr analysis failed: name 'results' is not defined
2025-06-03 09:41:12,587 - INFO - üìà Running Œº¬π‚Å∞/Œº¬π¬≤ extension analysis...
2025-06-03 09:41:12,587 - ERROR - ‚ùå Œº¬π‚Å∞/Œº¬π¬≤ extension failed: name 'Mu10Mu12ExtendedAnalyzer' is not defined
2025-06-03 09:41:12,588 - INFO - üîó Running constraint algebra analysis...
2025-06-03 09:41:12,588 - ERROR - ‚ùå Constraint algebra analysis failed: name 'AdvancedConstraintAlgebra' is not defined
2025-06-03 09:41:12,588 - INFO - üåå Generating phenomenological predictions...
2025-06-03 09:41:12,588 - INFO - ‚úÖ Phenomenological predictions generated
2025-06-03 09:41:12,588 - INFO - üß™ Running validation suite...
2025-06-03 09:41:12,588 - ERROR - ‚ùå Validation suite failed: name 'ComprehensiveLQGValidator' is not defined
2025-06-03 09:41:12,590 - INFO - ‚úÖ Results saved to unified_results\unified_lqg_results.json
2025-06-03 09:41:12,592 - ERROR - ‚ùå Failed to save results: 'charmap' codec can't encode character '\u274c' in position 28: character maps to <undefined>
2025-06-03 09:41:12,592 - INFO - ============================================================
2025-06-03 09:41:12,592 - WARNING - ‚ö†Ô∏è Pipeline completed with some failures
2025-06-03 09:41:12,593 - INFO - ‚è±Ô∏è Total execution time: 1.75 seconds
2025-06-03 09:41:12,593 - INFO - ‚úÖ Modules executed: 0
2025-06-03 09:41:12,594 - INFO - ‚ùå Modules failed: 5
2025-06-03 09:50:29,781 - INFO - [START] Starting Unified LQG Framework Pipeline
2025-06-03 09:50:29,781 - INFO - ============================================================
2025-06-03 09:50:29,782 - INFO - [INFO] Running prescription comparison analysis...
2025-06-03 09:50:29,782 - INFO -    Analyzing standard prescription...
2025-06-03 09:50:29,783 - ERROR -    [ERROR] standard failed: 'MockAnalyzer' object has no attribute 'analyze_prescription'
2025-06-03 09:50:29,783 - INFO -    Analyzing thiemann prescription...
2025-06-03 09:50:29,783 - ERROR -    [ERROR] thiemann failed: 'MockAnalyzer' object has no attribute 'analyze_prescription'
2025-06-03 09:50:29,783 - INFO -    Analyzing aqel prescription...
2025-06-03 09:50:29,783 - ERROR -    [ERROR] aqel failed: 'MockAnalyzer' object has no attribute 'analyze_prescription'
2025-06-03 09:50:29,783 - INFO -    Analyzing bojowald prescription...
2025-06-03 09:50:29,784 - ERROR -    [ERROR] bojowald failed: 'MockAnalyzer' object has no attribute 'analyze_prescription'
2025-06-03 09:50:29,784 - INFO -    Analyzing improved prescription...
2025-06-03 09:50:29,784 - ERROR -    [ERROR] improved failed: 'MockAnalyzer' object has no attribute 'analyze_prescription'
2025-06-03 09:50:29,784 - ERROR - [ERROR] Prescription comparison failed: 'MockAnalyzer' object has no attribute 'generate_comparison_plots'
2025-06-03 09:50:29,784 - INFO - [ANALYSIS] Running Kerr black hole analysis...
2025-06-03 09:50:29,784 - INFO -    Generating comprehensive Kerr coefficient table...
2025-06-03 09:50:33,288 - ERROR - [ERROR] Kerr analysis failed: name 'results' is not defined
2025-06-03 09:50:33,289 - INFO - [CHART] Running mu10/mu12 extension analysis...
2025-06-03 09:50:33,289 - ERROR - [ERROR] mu10/mu12 extension failed: 'MockAnalyzer' object has no attribute 'generate_pade_approximants'
2025-06-03 09:50:33,289 - INFO - [LINK] Running constraint algebra analysis...
2025-06-03 09:50:33,289 - ERROR - [ERROR] Constraint algebra analysis failed: 'MockAnalyzer' object has no attribute 'analyze_constraint_closure'
2025-06-03 09:50:33,289 - INFO - [UNIVERSE] Generating phenomenological predictions...
2025-06-03 09:50:33,290 - INFO - [OK] Phenomenological predictions generated
2025-06-03 09:50:33,290 - INFO - [TEST] Running validation suite...
2025-06-03 09:50:33,290 - ERROR - [ERROR] Validation suite failed: 'MockAnalyzer' object has no attribute 'run_comprehensive_validation'
2025-06-03 09:50:33,292 - INFO - [OK] Results saved to unified_results\unified_lqg_results.json
2025-06-03 09:50:33,296 - ERROR - [ERROR] Failed to save results: 'charmap' codec can't encode characters in position 20-21: character maps to <undefined>
2025-06-03 09:50:33,296 - INFO - ============================================================
2025-06-03 09:50:33,297 - WARNING - [WARNING] Pipeline completed with some failures
2025-06-03 09:50:33,297 - INFO - [TIME] Total execution time: 3.51 seconds
2025-06-03 09:50:33,297 - INFO - [OK] Modules executed: 0
2025-06-03 09:50:33,297 - INFO - [ERROR] Modules failed: 5
2025-06-03 09:50:47,322 - INFO - [START] Starting Unified LQG Framework Pipeline
2025-06-03 09:50:47,322 - INFO - ============================================================
2025-06-03 09:50:47,322 - INFO - [INFO] Running prescription comparison analysis...
2025-06-03 09:50:47,322 - INFO -    Analyzing standard prescription...
2025-06-03 09:50:47,323 - ERROR -    [ERROR] standard failed: 'MockAnalyzer' object has no attribute 'analyze_prescription'
2025-06-03 09:50:47,323 - INFO -    Analyzing thiemann prescription...
2025-06-03 09:50:47,323 - ERROR -    [ERROR] thiemann failed: 'MockAnalyzer' object has no attribute 'analyze_prescription'
2025-06-03 09:50:47,323 - INFO -    Analyzing aqel prescription...
2025-06-03 09:50:47,323 - ERROR -    [ERROR] aqel failed: 'MockAnalyzer' object has no attribute 'analyze_prescription'
2025-06-03 09:50:47,323 - INFO -    Analyzing bojowald prescription...
2025-06-03 09:50:47,323 - ERROR -    [ERROR] bojowald failed: 'MockAnalyzer' object has no attribute 'analyze_prescription'
2025-06-03 09:50:47,323 - INFO -    Analyzing improved prescription...
2025-06-03 09:50:47,323 - ERROR -    [ERROR] improved failed: 'MockAnalyzer' object has no attribute 'analyze_prescription'
2025-06-03 09:50:47,323 - ERROR - [ERROR] Prescription comparison failed: 'MockAnalyzer' object has no attribute 'generate_comparison_plots'
2025-06-03 09:50:47,323 - INFO - [ANALYSIS] Running Kerr black hole analysis...
2025-06-03 09:50:47,323 - INFO -    Generating comprehensive Kerr coefficient table...
2025-06-03 09:50:49,227 - ERROR - [ERROR] Kerr analysis failed: name 'results' is not defined
2025-06-03 09:50:49,227 - INFO - [CHART] Running mu10/mu12 extension analysis...
2025-06-03 09:50:49,227 - ERROR - [ERROR] mu10/mu12 extension failed: 'MockAnalyzer' object has no attribute 'generate_pade_approximants'
2025-06-03 09:50:49,227 - INFO - [LINK] Running constraint algebra analysis...
2025-06-03 09:50:49,227 - ERROR - [ERROR] Constraint algebra analysis failed: 'MockAnalyzer' object has no attribute 'analyze_constraint_closure'
2025-06-03 09:50:49,227 - INFO - [UNIVERSE] Generating phenomenological predictions...
2025-06-03 09:50:49,228 - INFO - [OK] Phenomenological predictions generated
2025-06-03 09:50:49,228 - INFO - [TEST] Running validation suite...
2025-06-03 09:50:49,228 - ERROR - [ERROR] Validation suite failed: 'MockAnalyzer' object has no attribute 'run_comprehensive_validation'
2025-06-03 09:50:49,229 - INFO - [OK] Results saved to unified_results\unified_lqg_results.json
2025-06-03 09:50:49,231 - ERROR - [ERROR] Failed to save results: 'charmap' codec can't encode characters in position 20-21: character maps to <undefined>
2025-06-03 09:50:49,231 - INFO - ============================================================
2025-06-03 09:50:49,231 - WARNING - [WARNING] Pipeline completed with some failures
2025-06-03 09:50:49,231 - INFO - [TIME] Total execution time: 1.91 seconds
2025-06-03 09:50:49,231 - INFO - [OK] Modules executed: 0
2025-06-03 09:50:49,231 - INFO - [ERROR] Modules failed: 5
